<?xml version="1.0" encoding="UTF-8"?>
<!-- Generated by org.testng.reporters.JUnitReportReporter -->
<testsuite hostname="VAZSS2234" failures="0" tests="12" name="com.script.runner.SelectToolRunner" time="474.085" errors="0" timestamp="2024-10-08T16:29:09 GMT+05:30" skipped="0">
  <testcase classname="com.script.runner.SelectToolRunner" name="runScenario" time="66.436"/>
  <system-out/>
  <testcase classname="com.script.runner.SelectToolRunner" name="runScenario" time="66.628"/>
  <system-out/>
  <testcase classname="com.script.runner.SelectToolRunner" name="runScenario" time="33.899"/>
  <system-out/>
  <testcase classname="com.script.runner.SelectToolRunner" name="runScenario" time="33.089"/>
  <system-out/>
  <testcase classname="com.script.runner.SelectToolRunner" name="runScenario" time="33.933"/>
  <system-out/>
  <testcase classname="com.script.runner.SelectToolRunner" name="runScenario" time="41.519"/>
  <system-out/>
  <testcase classname="com.script.runner.SelectToolRunner" name="runScenario" time="34.299"/>
  <system-out/>
  <testcase classname="com.script.runner.SelectToolRunner" name="runScenario" time="37.815"/>
  <system-out/>
  <testcase classname="com.script.runner.SelectToolRunner" name="runScenario" time="30.129"/>
  <system-out/>
  <testcase classname="com.script.runner.SelectToolRunner" name="runScenario" time="35.634"/>
  <system-out/>
  <testcase classname="com.script.runner.SelectToolRunner" name="runScenario" time="29.118"/>
  <system-out/>
  <testcase classname="com.script.runner.SelectToolRunner" name="runScenario" time="31.586"/>
  <system-out/>
</testsuite> <!-- com.script.runner.SelectToolRunner -->
