<?xml version="1.0" encoding="UTF-8"?>
<!-- Generated by org.testng.reporters.JUnitReportReporter -->
<testsuite hostname="VAZSS2234" failures="0" tests="3" name="com.script.runner.LayerListToolRunner" time="147.211" errors="0" timestamp="2024-10-07T16:14:30 GMT+05:30" skipped="0">
  <testcase classname="com.script.runner.LayerListToolRunner" name="runScenario" time="65.249"/>
  <system-out/>
  <testcase classname="com.script.runner.LayerListToolRunner" name="runScenario" time="51.475"/>
  <system-out/>
  <testcase classname="com.script.runner.LayerListToolRunner" name="runScenario" time="30.487"/>
  <system-out/>
</testsuite> <!-- com.script.runner.LayerListToolRunner -->
