<?xml version="1.0" encoding="UTF-8"?>
<!-- Generated by org.testng.reporters.JUnitReportReporter -->
<testsuite hostname="VAZSS2234" failures="0" tests="3" name="com.script.runner.DirectionsToolRunner" time="168.657" errors="0" timestamp="2024-10-08T16:18:38 GMT+05:30" skipped="0">
  <testcase classname="com.script.runner.DirectionsToolRunner" name="runScenario" time="49.839"/>
  <system-out/>
  <testcase classname="com.script.runner.DirectionsToolRunner" name="runScenario" time="55.059"/>
  <system-out/>
  <testcase classname="com.script.runner.DirectionsToolRunner" name="runScenario" time="63.759"/>
  <system-out/>
</testsuite> <!-- com.script.runner.DirectionsToolRunner -->
