<?xml version="1.0" encoding="UTF-8"?>
<!-- Generated by org.testng.reporters.JUnitReportReporter -->
<testsuite hostname="VAZSS2234" failures="0" tests="17" name="com.script.runner.MeasurementToolRunner" time="528.686" errors="0" timestamp="2024-10-08T15:24:00 GMT+05:30" skipped="0">
  <testcase classname="com.script.runner.MeasurementToolRunner" name="runScenario" time="29.151"/>
  <system-out/>
  <testcase classname="com.script.runner.MeasurementToolRunner" name="runScenario" time="35.941"/>
  <system-out/>
  <testcase classname="com.script.runner.MeasurementToolRunner" name="runScenario" time="47.758"/>
  <system-out/>
  <testcase classname="com.script.runner.MeasurementToolRunner" name="runScenario" time="30.739"/>
  <system-out/>
  <testcase classname="com.script.runner.MeasurementToolRunner" name="runScenario" time="26.239"/>
  <system-out/>
  <testcase classname="com.script.runner.MeasurementToolRunner" name="runScenario" time="27.134"/>
  <system-out/>
  <testcase classname="com.script.runner.MeasurementToolRunner" name="runScenario" time="31.644"/>
  <system-out/>
  <testcase classname="com.script.runner.MeasurementToolRunner" name="runScenario" time="33.826"/>
  <system-out/>
  <testcase classname="com.script.runner.MeasurementToolRunner" name="runScenario" time="25.763"/>
  <system-out/>
  <testcase classname="com.script.runner.MeasurementToolRunner" name="runScenario" time="32.630"/>
  <system-out/>
  <testcase classname="com.script.runner.MeasurementToolRunner" name="runScenario" time="30.720"/>
  <system-out/>
  <testcase classname="com.script.runner.MeasurementToolRunner" name="runScenario" time="32.036"/>
  <system-out/>
  <testcase classname="com.script.runner.MeasurementToolRunner" name="runScenario" time="31.050"/>
  <system-out/>
  <testcase classname="com.script.runner.MeasurementToolRunner" name="runScenario" time="32.267"/>
  <system-out/>
  <testcase classname="com.script.runner.MeasurementToolRunner" name="runScenario" time="27.373"/>
  <system-out/>
  <testcase classname="com.script.runner.MeasurementToolRunner" name="runScenario" time="29.910"/>
  <system-out/>
  <testcase classname="com.script.runner.MeasurementToolRunner" name="runScenario" time="24.505"/>
  <system-out/>
</testsuite> <!-- com.script.runner.MeasurementToolRunner -->
