<?xml version="1.0" encoding="UTF-8"?>
<!-- Generated by org.testng.reporters.JUnitReportReporter -->
<testsuite hostname="VAZSS2234" failures="0" tests="7" name="com.script.runner.ElevationProfileToolRunner" time="516.780" errors="0" timestamp="2024-10-08T15:13:32 GMT+05:30" skipped="0">
  <testcase classname="com.script.runner.ElevationProfileToolRunner" name="runScenario" time="70.736"/>
  <system-out/>
  <testcase classname="com.script.runner.ElevationProfileToolRunner" name="runScenario" time="70.752"/>
  <system-out/>
  <testcase classname="com.script.runner.ElevationProfileToolRunner" name="runScenario" time="73.800"/>
  <system-out/>
  <testcase classname="com.script.runner.ElevationProfileToolRunner" name="runScenario" time="68.787"/>
  <system-out/>
  <testcase classname="com.script.runner.ElevationProfileToolRunner" name="runScenario" time="95.475"/>
  <system-out/>
  <testcase classname="com.script.runner.ElevationProfileToolRunner" name="runScenario" time="59.828"/>
  <system-out/>
  <testcase classname="com.script.runner.ElevationProfileToolRunner" name="runScenario" time="77.402"/>
  <system-out/>
</testsuite> <!-- com.script.runner.ElevationProfileToolRunner -->
