<?xml version="1.0" encoding="UTF-8"?>
<!-- Generated by org.testng.reporters.JUnitReportReporter -->
<testsuite hostname="VAZSS2234" failures="0" tests="1" name="com.script.runner.ProximityToolRunner" time="49.581" errors="0" timestamp="2024-10-08T15:49:54 GMT+05:30" skipped="0">
  <testcase classname="com.script.runner.ProximityToolRunner" name="runScenario" time="49.581"/>
  <system-out/>
</testsuite> <!-- com.script.runner.ProximityToolRunner -->
