<?xml version="1.0" encoding="UTF-8"?>
<!-- Generated by org.testng.reporters.JUnitReportReporter -->
<testsuite hostname="VAZSS2234" failures="2" tests="5" name="com.script.runner.PrintToolRunner" time="991.328" errors="0" timestamp="2024-10-09T12:56:37 GMT+05:30" skipped="0">
  <testcase classname="com.script.runner.PrintToolRunner" name="runScenario" time="298.699"/>
  <system-out/>
  <testcase classname="com.script.runner.PrintToolRunner" name="runScenario" time="230.146"/>
  <system-out/>
  <testcase classname="com.script.runner.PrintToolRunner" name="runScenario" time="324.612"/>
  <system-out/>
  <testcase classname="com.script.runner.PrintToolRunner" name="runScenario" time="71.319">
    <failure message="null" type="java.lang.AssertionError">
      <![CDATA[java.lang.AssertionError: null
at org.testng.Assert.fail(Assert.java:99)
at org.testng.Assert.fail(Assert.java:106)
at com.applicationfunction.ToolPrintPage.PrintForEnbridgeTemplateLayout(ToolPrintPage.java:104)
at com.script.stepdefination.PrintToolStepDefinition.PrintForEnbridgePortraitTemplateAttributesLayout(PrintToolStepDefinition.java:66)
at ✽.In Enbridge Portrait Template Attributes Layout user is able to print in all the different formats SheetName "PrintTool" and rownumber 3(file:///C:/Users/kulkars2/Documents/Java/JavaWorkSpace/EMAP_UI_Automation-LP/Features/PrintTool.feature:38)
]]>
    </failure>
  </testcase> <!-- runScenario -->
  <system-out/>
  <testcase classname="com.script.runner.PrintToolRunner" name="runScenario" time="66.552">
    <failure message="null" type="java.lang.AssertionError">
      <![CDATA[java.lang.AssertionError: null
at org.testng.Assert.fail(Assert.java:99)
at org.testng.Assert.fail(Assert.java:106)
at com.applicationfunction.ToolPrintPage.PrintForEnbridgeTemplateLayout(ToolPrintPage.java:104)
at com.script.stepdefination.PrintToolStepDefinition.PrintForEnbridgeLandscapeTemplateAttributesLayout(PrintToolStepDefinition.java:52)
at ✽.In Enbridge Landscape Template Attributes Layout user is able to print in all the different formats SheetName "PrintTool" and rownumber 1(file:///C:/Users/kulkars2/Documents/Java/JavaWorkSpace/EMAP_UI_Automation-LP/Features/PrintTool.feature:18)
]]>
    </failure>
  </testcase> <!-- runScenario -->
  <system-out/>
</testsuite> <!-- com.script.runner.PrintToolRunner -->
