<?xml version="1.0" encoding="UTF-8"?>
<!-- Generated by org.testng.reporters.JUnitReportReporter -->
<testsuite hostname="VAZSS2234" failures="0" tests="1" name="com.script.runner.ImageryToolRunner" time="131.119" errors="0" timestamp="2024-10-07T19:19:57 GMT+05:30" skipped="0">
  <testcase classname="com.script.runner.ImageryToolRunner" name="runScenario" time="131.119"/>
  <system-out/>
</testsuite> <!-- com.script.runner.ImageryToolRunner -->
