<?xml version="1.0" encoding="UTF-8"?>
<!-- Generated by org.testng.reporters.JUnitReportReporter -->
<testsuite hostname="VAZSS2234" failures="0" tests="2" name="com.script.runner.PopupFunctionsRunner" time="73.400" errors="0" timestamp="2024-10-09T13:18:32 GMT+05:30" skipped="0">
  <testcase classname="com.script.runner.PopupFunctionsRunner" name="runScenario" time="35.389"/>
  <system-out/>
  <testcase classname="com.script.runner.PopupFunctionsRunner" name="runScenario" time="38.011"/>
  <system-out/>
</testsuite> <!-- com.script.runner.PopupFunctionsRunner -->
