<?xml version="1.0" encoding="UTF-8"?>
<!-- Generated by org.testng.reporters.JUnitReportReporter -->
<testsuite hostname="VAZSS2234" failures="0" tests="1" name="com.script.runner.ShowStationToolRunner" time="76.863" errors="0" timestamp="2024-10-08T16:37:45 GMT+05:30" skipped="0">
  <testcase classname="com.script.runner.ShowStationToolRunner" name="runScenario" time="76.863"/>
  <system-out/>
</testsuite> <!-- com.script.runner.ShowStationToolRunner -->
