<?xml version="1.0" encoding="UTF-8"?>
<!-- Generated by org.testng.reporters.JUnitReportReporter -->
<testsuite hostname="VAZSS2234" failures="0" tests="2" name="com.script.runner.AppdataToolRunner" time="64.848" errors="0" timestamp="2024-10-08T16:47:53 GMT+05:30" skipped="0">
  <testcase classname="com.script.runner.AppdataToolRunner" name="runScenario" time="35.370"/>
  <system-out/>
  <testcase classname="com.script.runner.AppdataToolRunner" name="runScenario" time="29.478"/>
  <system-out/>
</testsuite> <!-- com.script.runner.AppdataToolRunner -->
